2024-12-27 10:49:19.4427|Info|Program Start | 
2024-12-27 10:49:19.5818|Debug|liuxuejiao0406@163.com is disabled and is skipped | 
2024-12-27 10:49:19.5818|Info|邮件接受者:1544189298@qq.com | 
2024-12-27 10:49:19.5818|Info|正在处理:研究组 | 
2024-12-27 10:49:56.8512|Info|Program Start | 
2024-12-27 10:49:56.9860|Debug|liuxuejiao0406@163.com is disabled and is skipped | 
2024-12-27 10:49:56.9860|Info|邮件接受者:1544189298@qq.com | 
2024-12-27 10:49:56.9860|Info|正在处理:研究组 | 
2024-12-27 10:50:08.0349|Info|正在处理:网络组 | 
2024-12-27 10:50:09.2419|Info|正在处理:教育实践 | 
2024-12-27 10:50:10.2904|Info|正在处理:实践应用 | 
2024-12-27 10:50:11.2404|Info|正在处理:应用开发 | 
2024-12-27 10:50:12.1878|Info|正在发送邮件至:1544189298@qq.com | 
2024-12-27 10:50:13.3024|Debug|1544189298@qq.com is disabled and is skipped | 
2024-12-27 10:50:13.3024|Info|邮件接受者:wdh_sundown@hotmail.com | 
2024-12-27 10:50:13.3024|Info|正在处理:教育实践 | 
2024-12-27 10:50:46.0387|Info|Program Start | 
2024-12-27 10:50:56.5933|Info|Program Start | 
2024-12-27 10:50:56.8035|Info|邮件接受者:liuxuejiao0406@163.com | 
2024-12-27 10:50:56.8035|Info|正在处理:研究组 | 
2024-12-27 10:50:59.1443|Info|正在处理:网络组 | 
2024-12-27 10:51:00.1373|Info|正在处理:教育实践 | 
2024-12-27 10:51:01.1143|Info|正在处理:实践应用 | 
2024-12-27 10:51:02.0763|Info|正在处理:应用开发 | 
2024-12-27 10:51:03.0367|Info|正在发送邮件至:liuxuejiao0406@163.com | 
2024-12-27 10:51:04.1434|Info|邮件接受者:1544189298@qq.com | 
2024-12-27 10:51:04.1434|Info|正在处理:研究组 | 
2024-12-27 10:51:05.0840|Info|正在处理:网络组 | 
2024-12-27 10:51:06.0409|Info|正在处理:教育实践 | 
2024-12-27 10:51:06.9877|Info|正在处理:实践应用 | 
2024-12-27 10:51:07.9290|Info|正在处理:应用开发 | 
2024-12-27 10:51:08.8705|Info|正在发送邮件至:1544189298@qq.com | 
2024-12-27 10:51:10.1235|Debug|1544189298@qq.com is disabled and is skipped | 
2024-12-27 10:51:10.1235|Info|邮件接受者:wdh_sundown@hotmail.com | 
2024-12-27 10:51:10.1235|Info|正在处理:教育实践 | 
2024-12-27 10:51:11.0720|Info|正在发送邮件至:wdh_sundown@hotmail.com | 
2024-12-27 10:51:12.3533|Info|邮件接受者:1614351736@qq.com | 
2024-12-27 10:51:12.3533|Info|正在处理:研究组 | 
2024-12-27 10:51:13.2965|Info|正在发送邮件至:1614351736@qq.com | 
2024-12-27 10:51:14.2193|Info|邮件接受者:1526957795@qq.com | 
2024-12-27 10:51:14.2193|Info|正在处理:研究组 | 
2024-12-27 10:51:15.1557|Info|正在发送邮件至:1526957795@qq.com | 
2024-12-27 10:51:16.1341|Info|邮件接受者:3045428098@qq.com | 
2024-12-27 10:51:16.1341|Info|正在处理:网络组 | 
2024-12-27 10:51:17.0730|Info|正在发送邮件至:3045428098@qq.com | 
2024-12-27 10:51:18.2238|Info|邮件接受者:1367637939@qq.com | 
2024-12-27 10:51:18.2238|Info|正在处理:网络组 | 
2024-12-27 10:51:19.1568|Info|正在发送邮件至:1367637939@qq.com | 
2024-12-27 10:51:20.2901|Info|邮件接受者: 2941649503@qq.com | 
2024-12-27 10:51:20.2901|Info|正在处理:教育实践 | 
2024-12-27 10:51:21.2305|Info|正在发送邮件至: 2941649503@qq.com | 
2024-12-27 10:51:22.4472|Info|邮件接受者:781381449@qq.com | 
2024-12-27 10:51:22.4472|Info|正在处理:教育实践 | 
2024-12-27 10:51:23.4099|Info|正在发送邮件至:781381449@qq.com | 
2024-12-27 10:51:24.5098|Info|邮件接受者:2329647588@qq.com | 
2024-12-27 10:51:24.5098|Info|正在处理:实践应用 | 
2024-12-27 10:51:25.4753|Info|正在发送邮件至:2329647588@qq.com | 
2024-12-27 10:51:26.5566|Info|邮件接受者:781381449@qq.com | 
2024-12-27 10:51:26.5566|Info|正在处理:实践应用 | 
2024-12-27 10:51:27.5019|Info|正在发送邮件至:781381449@qq.com | 
